<?xml version="1.0" encoding="UTF-8"?>
<robot generator="Robot 7.0 (Python 3.12.3 on linux)" generated="2024-05-02T10:40:19.643441" rpa="false" schemaversion="5">
<suite id="s1" name="Teste Serverest" source="/home/sami/serverestfront/tests/teste_serverest.robot">
<test id="s1-t1" name="CT01 - Cadastro" line="7">
<kw name="abrir navegador" owner="serverest" type="SETUP">
<kw name="Open Browser" owner="SeleniumLibrary">
<msg time="2024-05-02T10:40:19.733211" level="INFO">Opening browser 'headlesschrome' to base url 'None'.</msg>
<arg>browser=headlesschrome</arg>
<doc>Opens a new browser instance to the optional ``url``.</doc>
<status status="PASS" start="2024-05-02T10:40:19.733057" elapsed="0.941424"/>
</kw>
<kw name="Maximize Browser Window" owner="SeleniumLibrary">
<doc>Maximizes current browser window.</doc>
<status status="PASS" start="2024-05-02T10:40:20.674664" elapsed="0.015456"/>
</kw>
<status status="PASS" start="2024-05-02T10:40:19.732490" elapsed="0.957754"/>
</kw>
<kw name="Passo 1 - acessar a página de login" owner="serverest">
<kw name="Go To" owner="SeleniumLibrary">
<msg time="2024-05-02T10:40:20.690902" level="INFO">Opening url 'https://front.serverest.dev/login'</msg>
<arg>url=${url}</arg>
<doc>Navigates the current browser window to the provided ``url``.</doc>
<status status="PASS" start="2024-05-02T10:40:20.690747" elapsed="2.183650"/>
</kw>
<status status="PASS" start="2024-05-02T10:40:20.690502" elapsed="2.184003"/>
</kw>
<kw name="Passo 2 - clicar em cadastra-se" owner="serverest">
<kw name="Wait Until Element Is Visible" owner="SeleniumLibrary">
<arg>locator=${buttoncadastratar}</arg>
<doc>Waits until the element ``locator`` is visible.</doc>
<status status="PASS" start="2024-05-02T10:40:22.874983" elapsed="0.020016"/>
</kw>
<kw name="Click Element" owner="SeleniumLibrary">
<msg time="2024-05-02T10:40:22.897246" level="INFO">Clicking element '//a[@data-testid='cadastrar'][contains(.,'Cadastre-se')]'.</msg>
<arg>locator=${buttoncadastratar}</arg>
<doc>Click the element identified by ``locator``.</doc>
<status status="PASS" start="2024-05-02T10:40:22.896696" elapsed="0.083280"/>
</kw>
<status status="PASS" start="2024-05-02T10:40:22.874729" elapsed="0.105414"/>
</kw>
<kw name="Passo 3 - digitar um nome" owner="serverest">
<kw name="Wait Until Element Is Visible" owner="SeleniumLibrary">
<arg>locator=${nomeInput}</arg>
<doc>Waits until the element ``locator`` is visible.</doc>
<status status="PASS" start="2024-05-02T10:40:22.980896" elapsed="0.016454"/>
</kw>
<kw name="Input Text" owner="SeleniumLibrary">
<msg time="2024-05-02T10:40:22.997753" level="INFO">Typing text 'Sami Lily' into text field 'id:nome'.</msg>
<arg>locator=${nomeInput}</arg>
<arg>text=Sami Lily</arg>
<doc>Types the given ``text`` into the text field identified by ``locator``.</doc>
<status status="PASS" start="2024-05-02T10:40:22.997517" elapsed="0.066916"/>
</kw>
<kw name="Generate Random String" owner="String">
<msg time="2024-05-02T10:40:23.064977" level="INFO">${palavra_randomica} = eRsKAxlJ</msg>
<var>${palavra_randomica}</var>
<arg>8</arg>
<arg>chars=[LETTERS]</arg>
<doc>Generates a string with a desired ``length`` from the given ``chars``.</doc>
<status status="PASS" start="2024-05-02T10:40:23.064631" elapsed="0.000373"/>
</kw>
<kw name="Convert To Lower Case" owner="String">
<msg time="2024-05-02T10:40:23.065247" level="INFO">${palavra_randomica} = erskaxlj</msg>
<var>${palavra_randomica}</var>
<arg>${palavra_randomica}</arg>
<doc>Converts string to lower case.</doc>
<status status="PASS" start="2024-05-02T10:40:23.065122" elapsed="0.000143"/>
</kw>
<kw name="Set Test Variable" owner="BuiltIn">
<msg time="2024-05-02T10:40:23.065971" level="INFO">${EMAIL_TEST} = erskaxlj@hotmail.com</msg>
<arg>${EMAIL_TEST}</arg>
<arg>${palavra_randomica}@hotmail.com</arg>
<doc>Makes a variable available everywhere within the scope of the current test.</doc>
<status status="PASS" start="2024-05-02T10:40:23.065351" elapsed="0.000656"/>
</kw>
<kw name="Log" owner="BuiltIn">
<msg time="2024-05-02T10:40:23.066197" level="INFO">erskaxlj@hotmail.com</msg>
<arg>${EMAIL_TEST}</arg>
<doc>Logs the given message with the given level.</doc>
<status status="PASS" start="2024-05-02T10:40:23.066101" elapsed="0.000124"/>
</kw>
<status status="PASS" start="2024-05-02T10:40:22.980490" elapsed="0.085785"/>
</kw>
<kw name="Passo 4 - digitar email" owner="serverest">
<kw name="Wait Until Element Is Visible" owner="SeleniumLibrary">
<arg>locator=${emailInput}</arg>
<doc>Waits until the element ``locator`` is visible.</doc>
<status status="PASS" start="2024-05-02T10:40:23.066635" elapsed="0.013377"/>
</kw>
<kw name="Input Text" owner="SeleniumLibrary">
<msg time="2024-05-02T10:40:23.080431" level="INFO">Typing text 'erskaxlj@hotmail.com' into text field 'id:email'.</msg>
<arg>locator=${emailInput}</arg>
<arg>text=${EMAIL_TEST}</arg>
<doc>Types the given ``text`` into the text field identified by ``locator``.</doc>
<status status="PASS" start="2024-05-02T10:40:23.080185" elapsed="0.067469"/>
</kw>
<status status="PASS" start="2024-05-02T10:40:23.066436" elapsed="0.081322"/>
</kw>
<kw name="Passo 5 - digitar senha" owner="serverest">
<kw name="Wait Until Element Is Visible" owner="SeleniumLibrary">
<arg>locator=${senhaInut}</arg>
<doc>Waits until the element ``locator`` is visible.</doc>
<status status="PASS" start="2024-05-02T10:40:23.148168" elapsed="0.013218"/>
</kw>
<kw name="Input Password" owner="SeleniumLibrary">
<msg time="2024-05-02T10:40:23.162052" level="INFO">Typing password into text field 'id:password'.</msg>
<msg time="2024-05-02T10:40:23.186921" level="INFO">Temporally setting log level to: NONE</msg>
<arg>locator=${senhaInut}</arg>
<arg>password=123LILy@</arg>
<doc>Types the given password into the text field identified by ``locator``.</doc>
<status status="PASS" start="2024-05-02T10:40:23.161643" elapsed="0.050828"/>
</kw>
<status status="PASS" start="2024-05-02T10:40:23.147946" elapsed="0.064621"/>
</kw>
<kw name="Passo 6 - escolher perfil admin" owner="serverest">
<kw name="Wait Until Element Is Visible" owner="SeleniumLibrary">
<arg>locator=${selectbox}</arg>
<doc>Waits until the element ``locator`` is visible.</doc>
<status status="PASS" start="2024-05-02T10:40:23.213047" elapsed="0.016170"/>
</kw>
<kw name="Select Checkbox" owner="SeleniumLibrary">
<msg time="2024-05-02T10:40:23.232197" level="INFO">Selecting checkbox 'id:administrador'.</msg>
<arg>locator=${selectbox}</arg>
<doc>Selects the checkbox identified by ``locator``.</doc>
<status status="PASS" start="2024-05-02T10:40:23.230508" elapsed="0.047226"/>
</kw>
<status status="PASS" start="2024-05-02T10:40:23.212765" elapsed="0.065069"/>
</kw>
<kw name="Passo 7 - clicar em cadastra-se" owner="serverest">
<kw name="Wait Until Element Is Visible" owner="SeleniumLibrary">
<arg>locator=${cadastrase}</arg>
<doc>Waits until the element ``locator`` is visible.</doc>
<status status="PASS" start="2024-05-02T10:40:23.278255" elapsed="0.013638"/>
</kw>
<kw name="Click Button" owner="SeleniumLibrary">
<msg time="2024-05-02T10:40:23.293643" level="INFO">Clicking button '//button[@data-testid='cadastrar'][contains(.,'Cadastrar')]'.</msg>
<arg>locator=${cadastrase}</arg>
<doc>Clicks the button identified by ``locator``.</doc>
<status status="PASS" start="2024-05-02T10:40:23.292657" elapsed="0.044438"/>
</kw>
<status status="PASS" start="2024-05-02T10:40:23.278032" elapsed="0.059166"/>
</kw>
<kw name="fechar navegador" owner="serverest" type="TEARDOWN">
<kw name="Close Browser" owner="SeleniumLibrary">
<doc>Closes the current browser.</doc>
<status status="PASS" start="2024-05-02T10:40:23.337805" elapsed="0.066184"/>
</kw>
<status status="PASS" start="2024-05-02T10:40:23.337538" elapsed="0.066643"/>
</kw>
<status status="PASS" start="2024-05-02T10:40:19.732015" elapsed="3.672330"/>
</test>
<status status="PASS" start="2024-05-02T10:40:19.644038" elapsed="3.760994"/>
</suite>
<statistics>
<total>
<stat pass="1" fail="0" skip="0">All Tests</stat>
</total>
<tag>
</tag>
<suite>
<stat pass="1" fail="0" skip="0" id="s1" name="Teste Serverest">Teste Serverest</stat>
</suite>
</statistics>
<errors>
</errors>
</robot>
